[debug] [2026-06-10T09:48:23.111Z] ----------------------------------------------------------------------
[debug] [2026-06-10T09:48:23.113Z] Command:       C:\Program Files\nodejs\node.exe C:\Users\JordanSibbick.RBT-11\AppData\Local\npm-cache\_npx\7750544ccf494d8b\node_modules\firebase-tools\lib\bin\firebase.js deploy --only functions --project sky-suite-d14ff --non-interactive --dry-run
[debug] [2026-06-10T09:48:23.113Z] CLI Version:   15.19.1
[debug] [2026-06-10T09:48:23.113Z] Platform:      win32
[debug] [2026-06-10T09:48:23.113Z] Node Version:  v24.16.0
[debug] [2026-06-10T09:48:23.113Z] Time:          Wed Jun 10 2026 05:48:23 GMT-0400 (Eastern Daylight Time)
[debug] [2026-06-10T09:48:23.114Z] ----------------------------------------------------------------------
[debug] 
[debug] [2026-06-10T09:48:23.115Z] >>> [apiv2][query] GET https://firebase-public.firebaseio.com/cli.json [none]
[debug] [2026-06-10T09:48:27.741Z] Error: Cannot find module '@grpc/grpc-js'
Require stack:
- C:\Users\JordanSibbick.RBT-11\AppData\Local\npm-cache\_npx\7750544ccf494d8b\node_modules\google-gax\build\src\index.js
- C:\Users\JordanSibbick.RBT-11\AppData\Local\npm-cache\_npx\7750544ccf494d8b\node_modules\@google-cloud\pubsub\build\src\v1\publisher_client.js
- C:\Users\JordanSibbick.RBT-11\AppData\Local\npm-cache\_npx\7750544ccf494d8b\node_modules\@google-cloud\pubsub\build\src\v1\index.js
- C:\Users\JordanSibbick.RBT-11\AppData\Local\npm-cache\_npx\7750544ccf494d8b\node_modules\@google-cloud\pubsub\build\src\index.js
- C:\Users\JordanSibbick.RBT-11\AppData\Local\npm-cache\_npx\7750544ccf494d8b\node_modules\firebase-tools\lib\emulator\pubsubEmulator.js
- C:\Users\JordanSibbick.RBT-11\AppData\Local\npm-cache\_npx\7750544ccf494d8b\node_modules\firebase-tools\lib\emulator\controller.js
- C:\Users\JordanSibbick.RBT-11\AppData\Local\npm-cache\_npx\7750544ccf494d8b\node_modules\firebase-tools\lib\emulator\dataconnectEmulator.js
- C:\Users\JordanSibbick.RBT-11\AppData\Local\npm-cache\_npx\7750544ccf494d8b\node_modules\firebase-tools\lib\dataconnect\build.js
- C:\Users\JordanSibbick.RBT-11\AppData\Local\npm-cache\_npx\7750544ccf494d8b\node_modules\firebase-tools\lib\deploy\dataconnect\prepare.js
- C:\Users\JordanSibbick.RBT-11\AppData\Local\npm-cache\_npx\7750544ccf494d8b\node_modules\firebase-tools\lib\deploy\dataconnect\index.js
- C:\Users\JordanSibbick.RBT-11\AppData\Local\npm-cache\_npx\7750544ccf494d8b\node_modules\firebase-tools\lib\deploy\index.js
- C:\Users\JordanSibbick.RBT-11\AppData\Local\npm-cache\_npx\7750544ccf494d8b\node_modules\firebase-tools\lib\commands\deploy.js
- C:\Users\JordanSibbick.RBT-11\AppData\Local\npm-cache\_npx\7750544ccf494d8b\node_modules\firebase-tools\lib\commands\index.js
- C:\Users\JordanSibbick.RBT-11\AppData\Local\npm-cache\_npx\7750544ccf494d8b\node_modules\firebase-tools\lib\index.js
- C:\Users\JordanSibbick.RBT-11\AppData\Local\npm-cache\_npx\7750544ccf494d8b\node_modules\firebase-tools\lib\bin\cli.js
- C:\Users\JordanSibbick.RBT-11\AppData\Local\npm-cache\_npx\7750544ccf494d8b\node_modules\firebase-tools\lib\bin\firebase.js
    at Module._resolveFilename (node:internal/modules/cjs/loader:1500:15)
    at wrapResolveFilename (node:internal/modules/cjs/loader:1071:27)
    at defaultResolveImplForCJSLoading (node:internal/modules/cjs/loader:1095:10)
    at resolveForCJSWithHooks (node:internal/modules/cjs/loader:1116:12)
    at Module._load (node:internal/modules/cjs/loader:1285:25)
    at wrapModuleLoad (node:internal/modules/cjs/loader:255:19)
    at Module.require (node:internal/modules/cjs/loader:1600:12)
    at require (node:internal/modules/helpers:153:16)
    at Object.<anonymous> (C:\Users\JordanSibbick.RBT-11\AppData\Local\npm-cache\_npx\7750544ccf494d8b\node_modules\google-gax\build\src\index.js:53:27)
    at Module._compile (node:internal/modules/cjs/loader:1854:14)
[error] 
[error] Error: An unexpected error has occurred.
[debug] [2026-06-10T09:48:28.005Z] <<< [apiv2][status] GET https://firebase-public.firebaseio.com/cli.json 200
